<?xml version="1.0" encoding="UTF-8"?>
<!-- Generated by org.testng.reporters.JUnitXMLReporter -->
<testsuite ignored="0" hostname="CHAOS-DEVICE" failures="0" tests="84" name="Surefire test" time="253.101" errors="0" timestamp="2025-11-18T17:32:19 GST">
  <testcase classname="api.GetArticleBySlugTests" name="requestWithValidSlugReturnArticleBySlug" time="3.984"/>
  <testcase classname="api.GetArticleBySlugTests" name="requestWithWrongSlugReturnError" time="0.35"/>
  <testcase classname="api.GetArticlesTests" name="requestReturnArticleList" time="0.261"/>
  <testcase classname="api.GetTagsTests" name="requestReturnTagList" time="0.237"/>
  <testcase classname="api.PostLoginTests" name="loginWithInvalidDataReturnsError" time="0.355"/>
  <testcase classname="api.PostLoginTests" name="loginWithInvalidDataReturnsError" time="0.221"/>
  <testcase classname="api.PostLoginTests" name="loginWithValidDataReturnsOk" time="0.497"/>
  <testcase classname="api.PostLoginTests" name="loginWithWrongDataReturnsError" time="0.242"/>
  <testcase classname="api.PostUsersTests" name="registerWithInvalidDataReturnsError" time="0.237"/>
  <testcase classname="api.PostUsersTests" name="registerWithInvalidDataReturnsError" time="0.229"/>
  <testcase classname="api.PostUsersTests" name="registerWithInvalidDataReturnsError" time="0.222"/>
  <testcase classname="api.PostUsersTests" name="registerWithValidDataReturnsCreated" time="0.257"/>
  <testcase classname="ui.ArticlePagePositiveTests" name="shouldBeDisplayedAllCommonArticlePageElements" time="3.787"/>
  <testcase classname="ui.ArticlePagePositiveTests" name="shouldBeDisplayedAllCommonArticlePageElements" time="3.125"/>
  <testcase classname="ui.ArticlePagePositiveTests" name="shouldBeDisplayedAllCommonArticlePageElements" time="3.546"/>
  <testcase classname="ui.EditorPageNegativeTests" name="shouldBeDisplayedErrorWithoutBody" time="4.705"/>
  <testcase classname="ui.EditorPageNegativeTests" name="shouldBeDisplayedErrorWithoutBody" time="3.901"/>
  <testcase classname="ui.EditorPageNegativeTests" name="shouldBeDisplayedErrorWithoutBody" time="4.931"/>
  <testcase classname="ui.EditorPageNegativeTests" name="shouldBeDisplayedErrorWithoutDescription" time="4.783"/>
  <testcase classname="ui.EditorPageNegativeTests" name="shouldBeDisplayedErrorWithoutDescription" time="3.914"/>
  <testcase classname="ui.EditorPageNegativeTests" name="shouldBeDisplayedErrorWithoutDescription" time="4.919"/>
  <testcase classname="ui.EditorPageNegativeTests" name="shouldBeDisplayedErrorWithoutTitle" time="4.762"/>
  <testcase classname="ui.EditorPageNegativeTests" name="shouldBeDisplayedErrorWithoutTitle" time="3.995"/>
  <testcase classname="ui.EditorPageNegativeTests" name="shouldBeDisplayedErrorWithoutTitle" time="5.028"/>
  <testcase classname="ui.EditorPagePositiveTests" name="shouldBeDisplayedAllCommonEditorPageElements" time="4.113"/>
  <testcase classname="ui.EditorPagePositiveTests" name="shouldBeDisplayedAllCommonEditorPageElements" time="3.244"/>
  <testcase classname="ui.EditorPagePositiveTests" name="shouldBeDisplayedAllCommonEditorPageElements" time="4.215"/>
  <testcase classname="ui.EditorPagePositiveTests" name="shouldBeSuccessPublicationWithValidData" time="4.83"/>
  <testcase classname="ui.EditorPagePositiveTests" name="shouldBeSuccessPublicationWithValidData" time="3.869"/>
  <testcase classname="ui.EditorPagePositiveTests" name="shouldBeSuccessPublicationWithValidData" time="5.019"/>
  <testcase classname="ui.HomePagePositiveTests" name="shouldBeDisplayedAllCommonHomePageElementsWithAuthorization" time="3.834"/>
  <testcase classname="ui.HomePagePositiveTests" name="shouldBeDisplayedAllCommonHomePageElementsWithAuthorization" time="3.34"/>
  <testcase classname="ui.HomePagePositiveTests" name="shouldBeDisplayedAllCommonHomePageElementsWithAuthorization" time="3.888"/>
  <testcase classname="ui.HomePagePositiveTests" name="shouldBeDisplayedAllCommonHomePageElementsWithoutAuthorization" time="2.924"/>
  <testcase classname="ui.HomePagePositiveTests" name="shouldBeDisplayedAllCommonHomePageElementsWithoutAuthorization" time="2.422"/>
  <testcase classname="ui.HomePagePositiveTests" name="shouldBeDisplayedAllCommonHomePageElementsWithoutAuthorization" time="2.945"/>
  <testcase classname="ui.HomePagePositiveTests" name="shouldBeDisplayedArticlePageAfterClickOnArticleTitle" time="3.512"/>
  <testcase classname="ui.HomePagePositiveTests" name="shouldBeDisplayedArticlePageAfterClickOnArticleTitle" time="3.369"/>
  <testcase classname="ui.HomePagePositiveTests" name="shouldBeDisplayedArticlePageAfterClickOnArticleTitle" time="3.553"/>
  <testcase classname="ui.HomePagePositiveTests" name="shouldBeDisplayedJsTabAfterClickOnJsTag" time="2.976"/>
  <testcase classname="ui.HomePagePositiveTests" name="shouldBeDisplayedJsTabAfterClickOnJsTag" time="2.496"/>
  <testcase classname="ui.HomePagePositiveTests" name="shouldBeDisplayedJsTabAfterClickOnJsTag" time="2.992"/>
  <testcase classname="ui.HomePagePositiveTests" name="shouldBeDisplayedSignInPageAfterClickOnSignInLink" time="2.339"/>
  <testcase classname="ui.HomePagePositiveTests" name="shouldBeDisplayedSignInPageAfterClickOnSignInLink" time="2.441"/>
  <testcase classname="ui.HomePagePositiveTests" name="shouldBeDisplayedSignInPageAfterClickOnSignInLink" time="2.388"/>
  <testcase classname="ui.HomePagePositiveTests" name="shouldBeDisplayedSignUpPageAfterClickOnSignUpLink" time="2.368"/>
  <testcase classname="ui.HomePagePositiveTests" name="shouldBeDisplayedSignUpPageAfterClickOnSignUpLink" time="2.529"/>
  <testcase classname="ui.HomePagePositiveTests" name="shouldBeDisplayedSignUpPageAfterClickOnSignUpLink" time="2.508"/>
  <testcase classname="ui.SignInPageNegativeTests" name="shouldBeDisplayedErrorWithInvalidData" time="3.505"/>
  <testcase classname="ui.SignInPageNegativeTests" name="shouldBeDisplayedErrorWithInvalidData" time="2.592"/>
  <testcase classname="ui.SignInPageNegativeTests" name="shouldBeDisplayedErrorWithInvalidData" time="3.522"/>
  <testcase classname="ui.SignInPageNegativeTests" name="shouldNotBeEnabledSignInButtonWithoutEmail" time="2.38"/>
  <testcase classname="ui.SignInPageNegativeTests" name="shouldNotBeEnabledSignInButtonWithoutEmail" time="2.12"/>
  <testcase classname="ui.SignInPageNegativeTests" name="shouldNotBeEnabledSignInButtonWithoutEmail" time="2.479"/>
  <testcase classname="ui.SignInPageNegativeTests" name="shouldNotBeEnabledSignInButtonWithoutPassword" time="2.397"/>
  <testcase classname="ui.SignInPageNegativeTests" name="shouldNotBeEnabledSignInButtonWithoutPassword" time="1.871"/>
  <testcase classname="ui.SignInPageNegativeTests" name="shouldNotBeEnabledSignInButtonWithoutPassword" time="2.418"/>
  <testcase classname="ui.SignInPagePositiveTests" name="shouldBeDisplayedAllCommonSignInPageElements" time="2.361"/>
  <testcase classname="ui.SignInPagePositiveTests" name="shouldBeDisplayedAllCommonSignInPageElements" time="2.265"/>
  <testcase classname="ui.SignInPagePositiveTests" name="shouldBeDisplayedAllCommonSignInPageElements" time="2.428"/>
  <testcase classname="ui.SignInPagePositiveTests" name="shouldBeDisplayedSignUpPageAfterClickOnRegisterLink" time="2.444"/>
  <testcase classname="ui.SignInPagePositiveTests" name="shouldBeDisplayedSignUpPageAfterClickOnRegisterLink" time="1.983"/>
  <testcase classname="ui.SignInPagePositiveTests" name="shouldBeDisplayedSignUpPageAfterClickOnRegisterLink" time="2.489"/>
  <testcase classname="ui.SignInPagePositiveTests" name="shouldBeSuccessAuthorizationWithValidData" time="3.744"/>
  <testcase classname="ui.SignInPagePositiveTests" name="shouldBeSuccessAuthorizationWithValidData" time="2.81"/>
  <testcase classname="ui.SignInPagePositiveTests" name="shouldBeSuccessAuthorizationWithValidData" time="3.845"/>
  <testcase classname="ui.SignUpPageNegativeTests" name="shouldNotBeEnabledSignUpButtonWithoutEmail" time="2.415"/>
  <testcase classname="ui.SignUpPageNegativeTests" name="shouldNotBeEnabledSignUpButtonWithoutEmail" time="2.003"/>
  <testcase classname="ui.SignUpPageNegativeTests" name="shouldNotBeEnabledSignUpButtonWithoutEmail" time="2.635"/>
  <testcase classname="ui.SignUpPageNegativeTests" name="shouldNotBeEnabledSignUpButtonWithoutPassword" time="2.481"/>
  <testcase classname="ui.SignUpPageNegativeTests" name="shouldNotBeEnabledSignUpButtonWithoutPassword" time="1.905"/>
  <testcase classname="ui.SignUpPageNegativeTests" name="shouldNotBeEnabledSignUpButtonWithoutPassword" time="2.585"/>
  <testcase classname="ui.SignUpPageNegativeTests" name="shouldNotBeEnabledSignUpButtonWithoutUsername" time="2.411"/>
  <testcase classname="ui.SignUpPageNegativeTests" name="shouldNotBeEnabledSignUpButtonWithoutUsername" time="2.056"/>
  <testcase classname="ui.SignUpPageNegativeTests" name="shouldNotBeEnabledSignUpButtonWithoutUsername" time="2.5"/>
  <testcase classname="ui.SignUpPagePositiveTests" name="shouldBeDisplayedAllCommonSignUpPageElements" time="2.392"/>
  <testcase classname="ui.SignUpPagePositiveTests" name="shouldBeDisplayedAllCommonSignUpPageElements" time="1.906"/>
  <testcase classname="ui.SignUpPagePositiveTests" name="shouldBeDisplayedAllCommonSignUpPageElements" time="2.505"/>
  <testcase classname="ui.SignUpPagePositiveTests" name="shouldBeDisplayedSignInPageAfterClickOnLoginLink" time="2.428"/>
  <testcase classname="ui.SignUpPagePositiveTests" name="shouldBeDisplayedSignInPageAfterClickOnLoginLink" time="2.074"/>
  <testcase classname="ui.SignUpPagePositiveTests" name="shouldBeDisplayedSignInPageAfterClickOnLoginLink" time="2.5"/>
  <testcase classname="ui.SignUpPagePositiveTests" name="shouldBeSuccessRegistrationWithValidData" time="3.619"/>
  <testcase classname="ui.SignUpPagePositiveTests" name="shouldBeSuccessRegistrationWithValidData" time="2.596"/>
  <testcase classname="ui.SignUpPagePositiveTests" name="shouldBeSuccessRegistrationWithValidData" time="3.608"/>
</testsuite> <!-- Surefire test -->
