<?xml version="1.0" encoding="UTF-8"?>
<testsuite xmlns:xsi="http://www.w3.org/2001/XMLSchema-instance" xsi:noNamespaceSchemaLocation="https://maven.apache.org/surefire/maven-surefire-plugin/xsd/surefire-test-report.xsd" version="3.0.2" name="TestSuite" time="254.274" tests="84" errors="0" skipped="0" failures="0">
  <properties>
[...]
</properties>
  <testcase name="requestWithValidSlugReturnArticleBySlug" classname="api.GetArticleBySlugTests" time="3.927">
    <system-err><![CDATA[SLF4J: Failed to load class "org.slf4j.impl.StaticLoggerBinder".
SLF4J: Defaulting to no-operation (NOP) logger implementation
SLF4J: See http://www.slf4j.org/codes.html#StaticLoggerBinder for further details.
]]></system-err>
  </testcase>
  <testcase name="requestWithWrongSlugReturnError" classname="api.GetArticleBySlugTests" time="0.348"/>
  <testcase name="requestReturnArticleList" classname="api.GetArticlesTests" time="0.26"/>
  <testcase name="requestReturnTagList" classname="api.GetTagsTests" time="0.236"/>
  <testcase name="loginWithInvalidDataReturnsError[PostLoginBody(user=PostLogin(email=karole.mosciski@hotmail.com, password=null))](1)" classname="api.PostLoginTests" time="0.354"/>
  <testcase name="loginWithInvalidDataReturnsError[PostLoginBody(user=PostLogin(email=null, password=pyfpk4hu6ceyf))](2)" classname="api.PostLoginTests" time="0.219"/>
  <testcase name="loginWithValidDataReturnsOk" classname="api.PostLoginTests" time="0.496"/>
  <testcase name="loginWithWrongDataReturnsError" classname="api.PostLoginTests" time="0.242"/>
  <testcase name="registerWithInvalidDataReturnsError[PostUsersBody(user=PostUsers(email=nathalie.hilpert@yahoo.com, password=if4nc2rsvmf, username=null))](1)" classname="api.PostUsersTests" time="0.237"/>
  <testcase name="registerWithInvalidDataReturnsError[PostUsersBody(user=PostUsers(email=fredia.pagac@yahoo.com, password=null, username=yadira.crist))](2)" classname="api.PostUsersTests" time="0.228"/>
  <testcase name="registerWithInvalidDataReturnsError[PostUsersBody(user=PostUsers(email=null, password=k1rq5pph, username=ronny.hudson))](3)" classname="api.PostUsersTests" time="0.221"/>
  <testcase name="registerWithValidDataReturnsCreated" classname="api.PostUsersTests" time="0.257"/>
  <testcase name="shouldBeDisplayedAllCommonArticlePageElements[CHROME](1)" classname="ui.ArticlePagePositiveTests" time="3.786">
    <system-err><![CDATA[Nov 18, 2025 5:28:15 PM org.openqa.selenium.devtools.CdpVersionFinder findNearestMatch
WARNING: Unable to find CDP implementation matching 142
Nov 18, 2025 5:28:15 PM org.openqa.selenium.chromium.ChromiumDriver lambda$new$4
WARNING: Unable to find version of CDP to use for 142.0.7444.176. You may need to include a dependency on a specific version of the CDP using something similar to `org.seleniumhq.selenium:selenium-devtools-v86:4.35.0` where the version ("v86") matches the version of the chromium-based browser you're using and the version number of the artifact is the same as Selenium's.
]]></system-err>
  </testcase>
  <testcase name="shouldBeDisplayedAllCommonArticlePageElements[FIREFOX](2)" classname="ui.ArticlePagePositiveTests" time="3.124"/>
  <testcase name="shouldBeDisplayedAllCommonArticlePageElements[EDGE](3)" classname="ui.ArticlePagePositiveTests" time="3.546">
    <system-err><![CDATA[Nov 18, 2025 5:28:22 PM org.openqa.selenium.devtools.CdpVersionFinder findNearestMatch
WARNING: Unable to find CDP implementation matching 142
Nov 18, 2025 5:28:22 PM org.openqa.selenium.chromium.ChromiumDriver lambda$new$4
WARNING: Unable to find version of CDP to use for 142.0.3595.80. You may need to include a dependency on a specific version of the CDP using something similar to `org.seleniumhq.selenium:selenium-devtools-v86:4.35.0` where the version ("v86") matches the version of the chromium-based browser you're using and the version number of the artifact is the same as Selenium's.
]]></system-err>
  </testcase>
  <testcase name="shouldBeDisplayedErrorWithoutBody[CHROME](1)" classname="ui.EditorPageNegativeTests" time="4.705">
    <system-err><![CDATA[Nov 18, 2025 5:28:26 PM org.openqa.selenium.devtools.CdpVersionFinder findNearestMatch
WARNING: Unable to find CDP implementation matching 142
Nov 18, 2025 5:28:26 PM org.openqa.selenium.chromium.ChromiumDriver lambda$new$4
WARNING: Unable to find version of CDP to use for 142.0.7444.176. You may need to include a dependency on a specific version of the CDP using something similar to `org.seleniumhq.selenium:selenium-devtools-v86:4.35.0` where the version ("v86") matches the version of the chromium-based browser you're using and the version number of the artifact is the same as Selenium's.
]]></system-err>
  </testcase>
  <testcase name="shouldBeDisplayedErrorWithoutBody[FIREFOX](2)" classname="ui.EditorPageNegativeTests" time="3.899"/>
  <testcase name="shouldBeDisplayedErrorWithoutBody[EDGE](3)" classname="ui.EditorPageNegativeTests" time="4.931">
    <system-err><![CDATA[Nov 18, 2025 5:28:36 PM org.openqa.selenium.devtools.CdpVersionFinder findNearestMatch
WARNING: Unable to find CDP implementation matching 142
Nov 18, 2025 5:28:36 PM org.openqa.selenium.chromium.ChromiumDriver lambda$new$4
WARNING: Unable to find version of CDP to use for 142.0.3595.80. You may need to include a dependency on a specific version of the CDP using something similar to `org.seleniumhq.selenium:selenium-devtools-v86:4.35.0` where the version ("v86") matches the version of the chromium-based browser you're using and the version number of the artifact is the same as Selenium's.
]]></system-err>
  </testcase>
  <testcase name="shouldBeDisplayedErrorWithoutDescription[CHROME](1)" classname="ui.EditorPageNegativeTests" time="4.782">
    <system-err><![CDATA[Nov 18, 2025 5:28:41 PM org.openqa.selenium.devtools.CdpVersionFinder findNearestMatch
WARNING: Unable to find CDP implementation matching 142
Nov 18, 2025 5:28:41 PM org.openqa.selenium.chromium.ChromiumDriver lambda$new$4
WARNING: Unable to find version of CDP to use for 142.0.7444.176. You may need to include a dependency on a specific version of the CDP using something similar to `org.seleniumhq.selenium:selenium-devtools-v86:4.35.0` where the version ("v86") matches the version of the chromium-based browser you're using and the version number of the artifact is the same as Selenium's.
]]></system-err>
  </testcase>
  <testcase name="shouldBeDisplayedErrorWithoutDescription[FIREFOX](2)" classname="ui.EditorPageNegativeTests" time="3.913"/>
  <testcase name="shouldBeDisplayedErrorWithoutDescription[EDGE](3)" classname="ui.EditorPageNegativeTests" time="4.919">
    <system-err><![CDATA[Nov 18, 2025 5:28:51 PM org.openqa.selenium.devtools.CdpVersionFinder findNearestMatch
WARNING: Unable to find CDP implementation matching 142
Nov 18, 2025 5:28:51 PM org.openqa.selenium.chromium.ChromiumDriver lambda$new$4
WARNING: Unable to find version of CDP to use for 142.0.3595.80. You may need to include a dependency on a specific version of the CDP using something similar to `org.seleniumhq.selenium:selenium-devtools-v86:4.35.0` where the version ("v86") matches the version of the chromium-based browser you're using and the version number of the artifact is the same as Selenium's.
]]></system-err>
  </testcase>
  <testcase name="shouldBeDisplayedErrorWithoutTitle[CHROME](1)" classname="ui.EditorPageNegativeTests" time="4.761">
    <system-err><![CDATA[Nov 18, 2025 5:28:56 PM org.openqa.selenium.devtools.CdpVersionFinder findNearestMatch
WARNING: Unable to find CDP implementation matching 142
Nov 18, 2025 5:28:56 PM org.openqa.selenium.chromium.ChromiumDriver lambda$new$4
WARNING: Unable to find version of CDP to use for 142.0.7444.176. You may need to include a dependency on a specific version of the CDP using something similar to `org.seleniumhq.selenium:selenium-devtools-v86:4.35.0` where the version ("v86") matches the version of the chromium-based browser you're using and the version number of the artifact is the same as Selenium's.
]]></system-err>
  </testcase>
  <testcase name="shouldBeDisplayedErrorWithoutTitle[FIREFOX](2)" classname="ui.EditorPageNegativeTests" time="3.994"/>
  <testcase name="shouldBeDisplayedErrorWithoutTitle[EDGE](3)" classname="ui.EditorPageNegativeTests" time="5.027">
    <system-err><![CDATA[Nov 18, 2025 5:29:06 PM org.openqa.selenium.devtools.CdpVersionFinder findNearestMatch
WARNING: Unable to find CDP implementation matching 142
Nov 18, 2025 5:29:06 PM org.openqa.selenium.chromium.ChromiumDriver lambda$new$4
WARNING: Unable to find version of CDP to use for 142.0.3595.80. You may need to include a dependency on a specific version of the CDP using something similar to `org.seleniumhq.selenium:selenium-devtools-v86:4.35.0` where the version ("v86") matches the version of the chromium-based browser you're using and the version number of the artifact is the same as Selenium's.
]]></system-err>
  </testcase>
  <testcase name="shouldBeDisplayedAllCommonEditorPageElements[CHROME](1)" classname="ui.EditorPagePositiveTests" time="4.11">
    <system-err><![CDATA[Nov 18, 2025 5:29:12 PM org.openqa.selenium.devtools.CdpVersionFinder findNearestMatch
WARNING: Unable to find CDP implementation matching 142
Nov 18, 2025 5:29:12 PM org.openqa.selenium.chromium.ChromiumDriver lambda$new$4
WARNING: Unable to find version of CDP to use for 142.0.7444.176. You may need to include a dependency on a specific version of the CDP using something similar to `org.seleniumhq.selenium:selenium-devtools-v86:4.35.0` where the version ("v86") matches the version of the chromium-based browser you're using and the version number of the artifact is the same as Selenium's.
]]></system-err>
  </testcase>
  <testcase name="shouldBeDisplayedAllCommonEditorPageElements[FIREFOX](2)" classname="ui.EditorPagePositiveTests" time="3.242"/>
  <testcase name="shouldBeDisplayedAllCommonEditorPageElements[EDGE](3)" classname="ui.EditorPagePositiveTests" time="4.213">
    <system-err><![CDATA[Nov 18, 2025 5:29:20 PM org.openqa.selenium.devtools.CdpVersionFinder findNearestMatch
WARNING: Unable to find CDP implementation matching 142
Nov 18, 2025 5:29:20 PM org.openqa.selenium.chromium.ChromiumDriver lambda$new$4
WARNING: Unable to find version of CDP to use for 142.0.3595.80. You may need to include a dependency on a specific version of the CDP using something similar to `org.seleniumhq.selenium:selenium-devtools-v86:4.35.0` where the version ("v86") matches the version of the chromium-based browser you're using and the version number of the artifact is the same as Selenium's.
]]></system-err>
  </testcase>
  <testcase name="shouldBeSuccessPublicationWithValidData[CHROME](1)" classname="ui.EditorPagePositiveTests" time="4.829">
    <system-err><![CDATA[Nov 18, 2025 5:29:25 PM org.openqa.selenium.devtools.CdpVersionFinder findNearestMatch
WARNING: Unable to find CDP implementation matching 142
Nov 18, 2025 5:29:25 PM org.openqa.selenium.chromium.ChromiumDriver lambda$new$4
WARNING: Unable to find version of CDP to use for 142.0.7444.176. You may need to include a dependency on a specific version of the CDP using something similar to `org.seleniumhq.selenium:selenium-devtools-v86:4.35.0` where the version ("v86") matches the version of the chromium-based browser you're using and the version number of the artifact is the same as Selenium's.
]]></system-err>
  </testcase>
  <testcase name="shouldBeSuccessPublicationWithValidData[FIREFOX](2)" classname="ui.EditorPagePositiveTests" time="3.868"/>
  <testcase name="shouldBeSuccessPublicationWithValidData[EDGE](3)" classname="ui.EditorPagePositiveTests" time="5.019">
    <system-err><![CDATA[Nov 18, 2025 5:29:35 PM org.openqa.selenium.devtools.CdpVersionFinder findNearestMatch
WARNING: Unable to find CDP implementation matching 142
Nov 18, 2025 5:29:35 PM org.openqa.selenium.chromium.ChromiumDriver lambda$new$4
WARNING: Unable to find version of CDP to use for 142.0.3595.80. You may need to include a dependency on a specific version of the CDP using something similar to `org.seleniumhq.selenium:selenium-devtools-v86:4.35.0` where the version ("v86") matches the version of the chromium-based browser you're using and the version number of the artifact is the same as Selenium's.
]]></system-err>
  </testcase>
  <testcase name="shouldBeDisplayedAllCommonHomePageElementsWithAuthorization[CHROME](1)" classname="ui.HomePagePositiveTests" time="3.833">
    <system-err><![CDATA[Nov 18, 2025 5:29:40 PM org.openqa.selenium.devtools.CdpVersionFinder findNearestMatch
WARNING: Unable to find CDP implementation matching 142
Nov 18, 2025 5:29:40 PM org.openqa.selenium.chromium.ChromiumDriver lambda$new$4
WARNING: Unable to find version of CDP to use for 142.0.7444.176. You may need to include a dependency on a specific version of the CDP using something similar to `org.seleniumhq.selenium:selenium-devtools-v86:4.35.0` where the version ("v86") matches the version of the chromium-based browser you're using and the version number of the artifact is the same as Selenium's.
]]></system-err>
  </testcase>
  <testcase name="shouldBeDisplayedAllCommonHomePageElementsWithAuthorization[FIREFOX](2)" classname="ui.HomePagePositiveTests" time="3.337"/>
  <testcase name="shouldBeDisplayedAllCommonHomePageElementsWithAuthorization[EDGE](3)" classname="ui.HomePagePositiveTests" time="3.887">
    <system-err><![CDATA[Nov 18, 2025 5:29:48 PM org.openqa.selenium.devtools.CdpVersionFinder findNearestMatch
WARNING: Unable to find CDP implementation matching 142
Nov 18, 2025 5:29:48 PM org.openqa.selenium.chromium.ChromiumDriver lambda$new$4
WARNING: Unable to find version of CDP to use for 142.0.3595.80. You may need to include a dependency on a specific version of the CDP using something similar to `org.seleniumhq.selenium:selenium-devtools-v86:4.35.0` where the version ("v86") matches the version of the chromium-based browser you're using and the version number of the artifact is the same as Selenium's.
]]></system-err>
  </testcase>
  <testcase name="shouldBeDisplayedAllCommonHomePageElementsWithoutAuthorization[CHROME](1)" classname="ui.HomePagePositiveTests" time="2.923">
    <system-err><![CDATA[Nov 18, 2025 5:29:52 PM org.openqa.selenium.devtools.CdpVersionFinder findNearestMatch
WARNING: Unable to find CDP implementation matching 142
Nov 18, 2025 5:29:52 PM org.openqa.selenium.chromium.ChromiumDriver lambda$new$4
WARNING: Unable to find version of CDP to use for 142.0.7444.176. You may need to include a dependency on a specific version of the CDP using something similar to `org.seleniumhq.selenium:selenium-devtools-v86:4.35.0` where the version ("v86") matches the version of the chromium-based browser you're using and the version number of the artifact is the same as Selenium's.
]]></system-err>
  </testcase>
  <testcase name="shouldBeDisplayedAllCommonHomePageElementsWithoutAuthorization[FIREFOX](2)" classname="ui.HomePagePositiveTests" time="2.423"/>
  <testcase name="shouldBeDisplayedAllCommonHomePageElementsWithoutAuthorization[EDGE](3)" classname="ui.HomePagePositiveTests" time="2.944">
    <system-err><![CDATA[Nov 18, 2025 5:29:58 PM org.openqa.selenium.devtools.CdpVersionFinder findNearestMatch
WARNING: Unable to find CDP implementation matching 142
Nov 18, 2025 5:29:58 PM org.openqa.selenium.chromium.ChromiumDriver lambda$new$4
WARNING: Unable to find version of CDP to use for 142.0.3595.80. You may need to include a dependency on a specific version of the CDP using something similar to `org.seleniumhq.selenium:selenium-devtools-v86:4.35.0` where the version ("v86") matches the version of the chromium-based browser you're using and the version number of the artifact is the same as Selenium's.
]]></system-err>
  </testcase>
  <testcase name="shouldBeDisplayedArticlePageAfterClickOnArticleTitle[CHROME](1)" classname="ui.HomePagePositiveTests" time="3.512">
    <system-err><![CDATA[Nov 18, 2025 5:30:01 PM org.openqa.selenium.devtools.CdpVersionFinder findNearestMatch
WARNING: Unable to find CDP implementation matching 142
Nov 18, 2025 5:30:01 PM org.openqa.selenium.chromium.ChromiumDriver lambda$new$4
WARNING: Unable to find version of CDP to use for 142.0.7444.176. You may need to include a dependency on a specific version of the CDP using something similar to `org.seleniumhq.selenium:selenium-devtools-v86:4.35.0` where the version ("v86") matches the version of the chromium-based browser you're using and the version number of the artifact is the same as Selenium's.
]]></system-err>
  </testcase>
  <testcase name="shouldBeDisplayedArticlePageAfterClickOnArticleTitle[FIREFOX](2)" classname="ui.HomePagePositiveTests" time="3.368"/>
  <testcase name="shouldBeDisplayedArticlePageAfterClickOnArticleTitle[EDGE](3)" classname="ui.HomePagePositiveTests" time="3.552">
    <system-err><![CDATA[Nov 18, 2025 5:30:09 PM org.openqa.selenium.devtools.CdpVersionFinder findNearestMatch
WARNING: Unable to find CDP implementation matching 142
Nov 18, 2025 5:30:09 PM org.openqa.selenium.chromium.ChromiumDriver lambda$new$4
WARNING: Unable to find version of CDP to use for 142.0.3595.80. You may need to include a dependency on a specific version of the CDP using something similar to `org.seleniumhq.selenium:selenium-devtools-v86:4.35.0` where the version ("v86") matches the version of the chromium-based browser you're using and the version number of the artifact is the same as Selenium's.
]]></system-err>
  </testcase>
  <testcase name="shouldBeDisplayedJsTabAfterClickOnJsTag[CHROME](1)" classname="ui.HomePagePositiveTests" time="2.975">
    <system-err><![CDATA[Nov 18, 2025 5:30:12 PM org.openqa.selenium.devtools.CdpVersionFinder findNearestMatch
WARNING: Unable to find CDP implementation matching 142
Nov 18, 2025 5:30:12 PM org.openqa.selenium.chromium.ChromiumDriver lambda$new$4
WARNING: Unable to find version of CDP to use for 142.0.7444.176. You may need to include a dependency on a specific version of the CDP using something similar to `org.seleniumhq.selenium:selenium-devtools-v86:4.35.0` where the version ("v86") matches the version of the chromium-based browser you're using and the version number of the artifact is the same as Selenium's.
]]></system-err>
  </testcase>
  <testcase name="shouldBeDisplayedJsTabAfterClickOnJsTag[FIREFOX](2)" classname="ui.HomePagePositiveTests" time="2.496"/>
  <testcase name="shouldBeDisplayedJsTabAfterClickOnJsTag[EDGE](3)" classname="ui.HomePagePositiveTests" time="2.991">
    <system-err><![CDATA[Nov 18, 2025 5:30:19 PM org.openqa.selenium.devtools.CdpVersionFinder findNearestMatch
WARNING: Unable to find CDP implementation matching 142
Nov 18, 2025 5:30:19 PM org.openqa.selenium.chromium.ChromiumDriver lambda$new$4
WARNING: Unable to find version of CDP to use for 142.0.3595.80. You may need to include a dependency on a specific version of the CDP using something similar to `org.seleniumhq.selenium:selenium-devtools-v86:4.35.0` where the version ("v86") matches the version of the chromium-based browser you're using and the version number of the artifact is the same as Selenium's.
]]></system-err>
  </testcase>
  <testcase name="shouldBeDisplayedSignInPageAfterClickOnSignInLink[CHROME](1)" classname="ui.HomePagePositiveTests" time="2.339">
    <system-err><![CDATA[Nov 18, 2025 5:30:22 PM org.openqa.selenium.devtools.CdpVersionFinder findNearestMatch
WARNING: Unable to find CDP implementation matching 142
Nov 18, 2025 5:30:22 PM org.openqa.selenium.chromium.ChromiumDriver lambda$new$4
WARNING: Unable to find version of CDP to use for 142.0.7444.176. You may need to include a dependency on a specific version of the CDP using something similar to `org.seleniumhq.selenium:selenium-devtools-v86:4.35.0` where the version ("v86") matches the version of the chromium-based browser you're using and the version number of the artifact is the same as Selenium's.
]]></system-err>
  </testcase>
  <testcase name="shouldBeDisplayedSignInPageAfterClickOnSignInLink[FIREFOX](2)" classname="ui.HomePagePositiveTests" time="2.44"/>
  <testcase name="shouldBeDisplayedSignInPageAfterClickOnSignInLink[EDGE](3)" classname="ui.HomePagePositiveTests" time="2.388">
    <system-err><![CDATA[Nov 18, 2025 5:30:27 PM org.openqa.selenium.devtools.CdpVersionFinder findNearestMatch
WARNING: Unable to find CDP implementation matching 142
Nov 18, 2025 5:30:27 PM org.openqa.selenium.chromium.ChromiumDriver lambda$new$4
WARNING: Unable to find version of CDP to use for 142.0.3595.80. You may need to include a dependency on a specific version of the CDP using something similar to `org.seleniumhq.selenium:selenium-devtools-v86:4.35.0` where the version ("v86") matches the version of the chromium-based browser you're using and the version number of the artifact is the same as Selenium's.
]]></system-err>
  </testcase>
  <testcase name="shouldBeDisplayedSignUpPageAfterClickOnSignUpLink[CHROME](1)" classname="ui.HomePagePositiveTests" time="2.369">
    <system-err><![CDATA[Nov 18, 2025 5:30:29 PM org.openqa.selenium.devtools.CdpVersionFinder findNearestMatch
WARNING: Unable to find CDP implementation matching 142
Nov 18, 2025 5:30:29 PM org.openqa.selenium.chromium.ChromiumDriver lambda$new$4
WARNING: Unable to find version of CDP to use for 142.0.7444.176. You may need to include a dependency on a specific version of the CDP using something similar to `org.seleniumhq.selenium:selenium-devtools-v86:4.35.0` where the version ("v86") matches the version of the chromium-based browser you're using and the version number of the artifact is the same as Selenium's.
]]></system-err>
  </testcase>
  <testcase name="shouldBeDisplayedSignUpPageAfterClickOnSignUpLink[FIREFOX](2)" classname="ui.HomePagePositiveTests" time="2.529"/>
  <testcase name="shouldBeDisplayedSignUpPageAfterClickOnSignUpLink[EDGE](3)" classname="ui.HomePagePositiveTests" time="2.507">
    <system-err><![CDATA[Nov 18, 2025 5:30:35 PM org.openqa.selenium.devtools.CdpVersionFinder findNearestMatch
WARNING: Unable to find CDP implementation matching 142
Nov 18, 2025 5:30:35 PM org.openqa.selenium.chromium.ChromiumDriver lambda$new$4
WARNING: Unable to find version of CDP to use for 142.0.3595.80. You may need to include a dependency on a specific version of the CDP using something similar to `org.seleniumhq.selenium:selenium-devtools-v86:4.35.0` where the version ("v86") matches the version of the chromium-based browser you're using and the version number of the artifact is the same as Selenium's.
]]></system-err>
  </testcase>
  <testcase name="shouldBeDisplayedErrorWithInvalidData[CHROME](1)" classname="ui.SignInPageNegativeTests" time="3.505">
    <system-err><![CDATA[Nov 18, 2025 5:30:38 PM org.openqa.selenium.devtools.CdpVersionFinder findNearestMatch
WARNING: Unable to find CDP implementation matching 142
Nov 18, 2025 5:30:38 PM org.openqa.selenium.chromium.ChromiumDriver lambda$new$4
WARNING: Unable to find version of CDP to use for 142.0.7444.176. You may need to include a dependency on a specific version of the CDP using something similar to `org.seleniumhq.selenium:selenium-devtools-v86:4.35.0` where the version ("v86") matches the version of the chromium-based browser you're using and the version number of the artifact is the same as Selenium's.
]]></system-err>
  </testcase>
  <testcase name="shouldBeDisplayedErrorWithInvalidData[FIREFOX](2)" classname="ui.SignInPageNegativeTests" time="2.59"/>
  <testcase name="shouldBeDisplayedErrorWithInvalidData[EDGE](3)" classname="ui.SignInPageNegativeTests" time="3.52">
    <system-err><![CDATA[Nov 18, 2025 5:30:45 PM org.openqa.selenium.devtools.CdpVersionFinder findNearestMatch
WARNING: Unable to find CDP implementation matching 142
Nov 18, 2025 5:30:45 PM org.openqa.selenium.chromium.ChromiumDriver lambda$new$4
WARNING: Unable to find version of CDP to use for 142.0.3595.80. You may need to include a dependency on a specific version of the CDP using something similar to `org.seleniumhq.selenium:selenium-devtools-v86:4.35.0` where the version ("v86") matches the version of the chromium-based browser you're using and the version number of the artifact is the same as Selenium's.
]]></system-err>
  </testcase>
  <testcase name="shouldNotBeEnabledSignInButtonWithoutEmail[CHROME](1)" classname="ui.SignInPageNegativeTests" time="2.379">
    <system-err><![CDATA[Nov 18, 2025 5:30:48 PM org.openqa.selenium.devtools.CdpVersionFinder findNearestMatch
WARNING: Unable to find CDP implementation matching 142
Nov 18, 2025 5:30:48 PM org.openqa.selenium.chromium.ChromiumDriver lambda$new$4
WARNING: Unable to find version of CDP to use for 142.0.7444.176. You may need to include a dependency on a specific version of the CDP using something similar to `org.seleniumhq.selenium:selenium-devtools-v86:4.35.0` where the version ("v86") matches the version of the chromium-based browser you're using and the version number of the artifact is the same as Selenium's.
]]></system-err>
  </testcase>
  <testcase name="shouldNotBeEnabledSignInButtonWithoutEmail[FIREFOX](2)" classname="ui.SignInPageNegativeTests" time="2.119"/>
  <testcase name="shouldNotBeEnabledSignInButtonWithoutEmail[EDGE](3)" classname="ui.SignInPageNegativeTests" time="2.478">
    <system-err><![CDATA[Nov 18, 2025 5:30:53 PM org.openqa.selenium.devtools.CdpVersionFinder findNearestMatch
WARNING: Unable to find CDP implementation matching 142
Nov 18, 2025 5:30:53 PM org.openqa.selenium.chromium.ChromiumDriver lambda$new$4
WARNING: Unable to find version of CDP to use for 142.0.3595.80. You may need to include a dependency on a specific version of the CDP using something similar to `org.seleniumhq.selenium:selenium-devtools-v86:4.35.0` where the version ("v86") matches the version of the chromium-based browser you're using and the version number of the artifact is the same as Selenium's.
]]></system-err>
  </testcase>
  <testcase name="shouldNotBeEnabledSignInButtonWithoutPassword[CHROME](1)" classname="ui.SignInPageNegativeTests" time="2.397">
    <system-err><![CDATA[Nov 18, 2025 5:30:56 PM org.openqa.selenium.devtools.CdpVersionFinder findNearestMatch
WARNING: Unable to find CDP implementation matching 142
Nov 18, 2025 5:30:56 PM org.openqa.selenium.chromium.ChromiumDriver lambda$new$4
WARNING: Unable to find version of CDP to use for 142.0.7444.176. You may need to include a dependency on a specific version of the CDP using something similar to `org.seleniumhq.selenium:selenium-devtools-v86:4.35.0` where the version ("v86") matches the version of the chromium-based browser you're using and the version number of the artifact is the same as Selenium's.
]]></system-err>
  </testcase>
  <testcase name="shouldNotBeEnabledSignInButtonWithoutPassword[FIREFOX](2)" classname="ui.SignInPageNegativeTests" time="1.871"/>
  <testcase name="shouldNotBeEnabledSignInButtonWithoutPassword[EDGE](3)" classname="ui.SignInPageNegativeTests" time="2.416">
    <system-err><![CDATA[Nov 18, 2025 5:31:01 PM org.openqa.selenium.devtools.CdpVersionFinder findNearestMatch
WARNING: Unable to find CDP implementation matching 142
Nov 18, 2025 5:31:01 PM org.openqa.selenium.chromium.ChromiumDriver lambda$new$4
WARNING: Unable to find version of CDP to use for 142.0.3595.80. You may need to include a dependency on a specific version of the CDP using something similar to `org.seleniumhq.selenium:selenium-devtools-v86:4.35.0` where the version ("v86") matches the version of the chromium-based browser you're using and the version number of the artifact is the same as Selenium's.
]]></system-err>
  </testcase>
  <testcase name="shouldBeDisplayedAllCommonSignInPageElements[CHROME](1)" classname="ui.SignInPagePositiveTests" time="2.36">
    <system-err><![CDATA[Nov 18, 2025 5:31:03 PM org.openqa.selenium.devtools.CdpVersionFinder findNearestMatch
WARNING: Unable to find CDP implementation matching 142
Nov 18, 2025 5:31:03 PM org.openqa.selenium.chromium.ChromiumDriver lambda$new$4
WARNING: Unable to find version of CDP to use for 142.0.7444.176. You may need to include a dependency on a specific version of the CDP using something similar to `org.seleniumhq.selenium:selenium-devtools-v86:4.35.0` where the version ("v86") matches the version of the chromium-based browser you're using and the version number of the artifact is the same as Selenium's.
]]></system-err>
  </testcase>
  <testcase name="shouldBeDisplayedAllCommonSignInPageElements[FIREFOX](2)" classname="ui.SignInPagePositiveTests" time="2.263"/>
  <testcase name="shouldBeDisplayedAllCommonSignInPageElements[EDGE](3)" classname="ui.SignInPagePositiveTests" time="2.429">
    <system-err><![CDATA[Nov 18, 2025 5:31:09 PM org.openqa.selenium.devtools.CdpVersionFinder findNearestMatch
WARNING: Unable to find CDP implementation matching 142
Nov 18, 2025 5:31:09 PM org.openqa.selenium.chromium.ChromiumDriver lambda$new$4
WARNING: Unable to find version of CDP to use for 142.0.3595.80. You may need to include a dependency on a specific version of the CDP using something similar to `org.seleniumhq.selenium:selenium-devtools-v86:4.35.0` where the version ("v86") matches the version of the chromium-based browser you're using and the version number of the artifact is the same as Selenium's.
]]></system-err>
  </testcase>
  <testcase name="shouldBeDisplayedSignUpPageAfterClickOnRegisterLink[CHROME](1)" classname="ui.SignInPagePositiveTests" time="2.443">
    <system-err><![CDATA[Nov 18, 2025 5:31:11 PM org.openqa.selenium.devtools.CdpVersionFinder findNearestMatch
WARNING: Unable to find CDP implementation matching 142
Nov 18, 2025 5:31:11 PM org.openqa.selenium.chromium.ChromiumDriver lambda$new$4
WARNING: Unable to find version of CDP to use for 142.0.7444.176. You may need to include a dependency on a specific version of the CDP using something similar to `org.seleniumhq.selenium:selenium-devtools-v86:4.35.0` where the version ("v86") matches the version of the chromium-based browser you're using and the version number of the artifact is the same as Selenium's.
]]></system-err>
  </testcase>
  <testcase name="shouldBeDisplayedSignUpPageAfterClickOnRegisterLink[FIREFOX](2)" classname="ui.SignInPagePositiveTests" time="1.982"/>
  <testcase name="shouldBeDisplayedSignUpPageAfterClickOnRegisterLink[EDGE](3)" classname="ui.SignInPagePositiveTests" time="2.489">
    <system-err><![CDATA[Nov 18, 2025 5:31:16 PM org.openqa.selenium.devtools.CdpVersionFinder findNearestMatch
WARNING: Unable to find CDP implementation matching 142
Nov 18, 2025 5:31:16 PM org.openqa.selenium.chromium.ChromiumDriver lambda$new$4
WARNING: Unable to find version of CDP to use for 142.0.3595.80. You may need to include a dependency on a specific version of the CDP using something similar to `org.seleniumhq.selenium:selenium-devtools-v86:4.35.0` where the version ("v86") matches the version of the chromium-based browser you're using and the version number of the artifact is the same as Selenium's.
]]></system-err>
  </testcase>
  <testcase name="shouldBeSuccessAuthorizationWithValidData[CHROME](1)" classname="ui.SignInPagePositiveTests" time="3.743">
    <system-err><![CDATA[Nov 18, 2025 5:31:19 PM org.openqa.selenium.devtools.CdpVersionFinder findNearestMatch
WARNING: Unable to find CDP implementation matching 142
Nov 18, 2025 5:31:19 PM org.openqa.selenium.chromium.ChromiumDriver lambda$new$4
WARNING: Unable to find version of CDP to use for 142.0.7444.176. You may need to include a dependency on a specific version of the CDP using something similar to `org.seleniumhq.selenium:selenium-devtools-v86:4.35.0` where the version ("v86") matches the version of the chromium-based browser you're using and the version number of the artifact is the same as Selenium's.
]]></system-err>
  </testcase>
  <testcase name="shouldBeSuccessAuthorizationWithValidData[FIREFOX](2)" classname="ui.SignInPagePositiveTests" time="2.81"/>
  <testcase name="shouldBeSuccessAuthorizationWithValidData[EDGE](3)" classname="ui.SignInPagePositiveTests" time="3.846">
    <system-err><![CDATA[Nov 18, 2025 5:31:26 PM org.openqa.selenium.devtools.CdpVersionFinder findNearestMatch
WARNING: Unable to find CDP implementation matching 142
Nov 18, 2025 5:31:26 PM org.openqa.selenium.chromium.ChromiumDriver lambda$new$4
WARNING: Unable to find version of CDP to use for 142.0.3595.80. You may need to include a dependency on a specific version of the CDP using something similar to `org.seleniumhq.selenium:selenium-devtools-v86:4.35.0` where the version ("v86") matches the version of the chromium-based browser you're using and the version number of the artifact is the same as Selenium's.
]]></system-err>
  </testcase>
  <testcase name="shouldNotBeEnabledSignUpButtonWithoutEmail[CHROME](1)" classname="ui.SignUpPageNegativeTests" time="2.412">
    <system-err><![CDATA[Nov 18, 2025 5:31:30 PM org.openqa.selenium.devtools.CdpVersionFinder findNearestMatch
WARNING: Unable to find CDP implementation matching 142
Nov 18, 2025 5:31:30 PM org.openqa.selenium.chromium.ChromiumDriver lambda$new$4
WARNING: Unable to find version of CDP to use for 142.0.7444.176. You may need to include a dependency on a specific version of the CDP using something similar to `org.seleniumhq.selenium:selenium-devtools-v86:4.35.0` where the version ("v86") matches the version of the chromium-based browser you're using and the version number of the artifact is the same as Selenium's.
]]></system-err>
  </testcase>
  <testcase name="shouldNotBeEnabledSignUpButtonWithoutEmail[FIREFOX](2)" classname="ui.SignUpPageNegativeTests" time="2.001"/>
  <testcase name="shouldNotBeEnabledSignUpButtonWithoutEmail[EDGE](3)" classname="ui.SignUpPageNegativeTests" time="2.635">
    <system-err><![CDATA[Nov 18, 2025 5:31:36 PM org.openqa.selenium.devtools.CdpVersionFinder findNearestMatch
WARNING: Unable to find CDP implementation matching 142
Nov 18, 2025 5:31:36 PM org.openqa.selenium.chromium.ChromiumDriver lambda$new$4
WARNING: Unable to find version of CDP to use for 142.0.3595.80. You may need to include a dependency on a specific version of the CDP using something similar to `org.seleniumhq.selenium:selenium-devtools-v86:4.35.0` where the version ("v86") matches the version of the chromium-based browser you're using and the version number of the artifact is the same as Selenium's.
]]></system-err>
  </testcase>
  <testcase name="shouldNotBeEnabledSignUpButtonWithoutPassword[CHROME](1)" classname="ui.SignUpPageNegativeTests" time="2.48">
    <system-err><![CDATA[Nov 18, 2025 5:31:38 PM org.openqa.selenium.devtools.CdpVersionFinder findNearestMatch
WARNING: Unable to find CDP implementation matching 142
Nov 18, 2025 5:31:38 PM org.openqa.selenium.chromium.ChromiumDriver lambda$new$4
WARNING: Unable to find version of CDP to use for 142.0.7444.176. You may need to include a dependency on a specific version of the CDP using something similar to `org.seleniumhq.selenium:selenium-devtools-v86:4.35.0` where the version ("v86") matches the version of the chromium-based browser you're using and the version number of the artifact is the same as Selenium's.
]]></system-err>
  </testcase>
  <testcase name="shouldNotBeEnabledSignUpButtonWithoutPassword[FIREFOX](2)" classname="ui.SignUpPageNegativeTests" time="1.904"/>
  <testcase name="shouldNotBeEnabledSignUpButtonWithoutPassword[EDGE](3)" classname="ui.SignUpPageNegativeTests" time="2.586">
    <system-err><![CDATA[Nov 18, 2025 5:31:43 PM org.openqa.selenium.devtools.CdpVersionFinder findNearestMatch
WARNING: Unable to find CDP implementation matching 142
Nov 18, 2025 5:31:43 PM org.openqa.selenium.chromium.ChromiumDriver lambda$new$4
WARNING: Unable to find version of CDP to use for 142.0.3595.80. You may need to include a dependency on a specific version of the CDP using something similar to `org.seleniumhq.selenium:selenium-devtools-v86:4.35.0` where the version ("v86") matches the version of the chromium-based browser you're using and the version number of the artifact is the same as Selenium's.
]]></system-err>
  </testcase>
  <testcase name="shouldNotBeEnabledSignUpButtonWithoutUsername[CHROME](1)" classname="ui.SignUpPageNegativeTests" time="2.41">
    <system-err><![CDATA[Nov 18, 2025 5:31:46 PM org.openqa.selenium.devtools.CdpVersionFinder findNearestMatch
WARNING: Unable to find CDP implementation matching 142
Nov 18, 2025 5:31:46 PM org.openqa.selenium.chromium.ChromiumDriver lambda$new$4
WARNING: Unable to find version of CDP to use for 142.0.7444.176. You may need to include a dependency on a specific version of the CDP using something similar to `org.seleniumhq.selenium:selenium-devtools-v86:4.35.0` where the version ("v86") matches the version of the chromium-based browser you're using and the version number of the artifact is the same as Selenium's.
]]></system-err>
  </testcase>
  <testcase name="shouldNotBeEnabledSignUpButtonWithoutUsername[FIREFOX](2)" classname="ui.SignUpPageNegativeTests" time="2.056"/>
  <testcase name="shouldNotBeEnabledSignUpButtonWithoutUsername[EDGE](3)" classname="ui.SignUpPageNegativeTests" time="2.499">
    <system-err><![CDATA[Nov 18, 2025 5:31:51 PM org.openqa.selenium.devtools.CdpVersionFinder findNearestMatch
WARNING: Unable to find CDP implementation matching 142
Nov 18, 2025 5:31:51 PM org.openqa.selenium.chromium.ChromiumDriver lambda$new$4
WARNING: Unable to find version of CDP to use for 142.0.3595.80. You may need to include a dependency on a specific version of the CDP using something similar to `org.seleniumhq.selenium:selenium-devtools-v86:4.35.0` where the version ("v86") matches the version of the chromium-based browser you're using and the version number of the artifact is the same as Selenium's.
]]></system-err>
  </testcase>
  <testcase name="shouldBeDisplayedAllCommonSignUpPageElements[CHROME](1)" classname="ui.SignUpPagePositiveTests" time="2.391">
    <system-err><![CDATA[Nov 18, 2025 5:31:54 PM org.openqa.selenium.devtools.CdpVersionFinder findNearestMatch
WARNING: Unable to find CDP implementation matching 142
Nov 18, 2025 5:31:54 PM org.openqa.selenium.chromium.ChromiumDriver lambda$new$4
WARNING: Unable to find version of CDP to use for 142.0.7444.176. You may need to include a dependency on a specific version of the CDP using something similar to `org.seleniumhq.selenium:selenium-devtools-v86:4.35.0` where the version ("v86") matches the version of the chromium-based browser you're using and the version number of the artifact is the same as Selenium's.
]]></system-err>
  </testcase>
  <testcase name="shouldBeDisplayedAllCommonSignUpPageElements[FIREFOX](2)" classname="ui.SignUpPagePositiveTests" time="1.905"/>
  <testcase name="shouldBeDisplayedAllCommonSignUpPageElements[EDGE](3)" classname="ui.SignUpPagePositiveTests" time="2.504">
    <system-err><![CDATA[Nov 18, 2025 5:31:59 PM org.openqa.selenium.devtools.CdpVersionFinder findNearestMatch
WARNING: Unable to find CDP implementation matching 142
Nov 18, 2025 5:31:59 PM org.openqa.selenium.chromium.ChromiumDriver lambda$new$4
WARNING: Unable to find version of CDP to use for 142.0.3595.80. You may need to include a dependency on a specific version of the CDP using something similar to `org.seleniumhq.selenium:selenium-devtools-v86:4.35.0` where the version ("v86") matches the version of the chromium-based browser you're using and the version number of the artifact is the same as Selenium's.
]]></system-err>
  </testcase>
  <testcase name="shouldBeDisplayedSignInPageAfterClickOnLoginLink[CHROME](1)" classname="ui.SignUpPagePositiveTests" time="2.428">
    <system-err><![CDATA[Nov 18, 2025 5:32:01 PM org.openqa.selenium.devtools.CdpVersionFinder findNearestMatch
WARNING: Unable to find CDP implementation matching 142
Nov 18, 2025 5:32:01 PM org.openqa.selenium.chromium.ChromiumDriver lambda$new$4
WARNING: Unable to find version of CDP to use for 142.0.7444.176. You may need to include a dependency on a specific version of the CDP using something similar to `org.seleniumhq.selenium:selenium-devtools-v86:4.35.0` where the version ("v86") matches the version of the chromium-based browser you're using and the version number of the artifact is the same as Selenium's.
]]></system-err>
  </testcase>
  <testcase name="shouldBeDisplayedSignInPageAfterClickOnLoginLink[FIREFOX](2)" classname="ui.SignUpPagePositiveTests" time="2.073"/>
  <testcase name="shouldBeDisplayedSignInPageAfterClickOnLoginLink[EDGE](3)" classname="ui.SignUpPagePositiveTests" time="2.5">
    <system-err><![CDATA[Nov 18, 2025 5:32:07 PM org.openqa.selenium.devtools.CdpVersionFinder findNearestMatch
WARNING: Unable to find CDP implementation matching 142
Nov 18, 2025 5:32:07 PM org.openqa.selenium.chromium.ChromiumDriver lambda$new$4
WARNING: Unable to find version of CDP to use for 142.0.3595.80. You may need to include a dependency on a specific version of the CDP using something similar to `org.seleniumhq.selenium:selenium-devtools-v86:4.35.0` where the version ("v86") matches the version of the chromium-based browser you're using and the version number of the artifact is the same as Selenium's.
]]></system-err>
  </testcase>
  <testcase name="shouldBeSuccessRegistrationWithValidData[CHROME](1)" classname="ui.SignUpPagePositiveTests" time="3.617">
    <system-err><![CDATA[Nov 18, 2025 5:32:09 PM org.openqa.selenium.devtools.CdpVersionFinder findNearestMatch
WARNING: Unable to find CDP implementation matching 142
Nov 18, 2025 5:32:09 PM org.openqa.selenium.chromium.ChromiumDriver lambda$new$4
WARNING: Unable to find version of CDP to use for 142.0.7444.176. You may need to include a dependency on a specific version of the CDP using something similar to `org.seleniumhq.selenium:selenium-devtools-v86:4.35.0` where the version ("v86") matches the version of the chromium-based browser you're using and the version number of the artifact is the same as Selenium's.
]]></system-err>
  </testcase>
  <testcase name="shouldBeSuccessRegistrationWithValidData[FIREFOX](2)" classname="ui.SignUpPagePositiveTests" time="2.595"/>
  <testcase name="shouldBeSuccessRegistrationWithValidData[EDGE](3)" classname="ui.SignUpPagePositiveTests" time="3.607">
    <system-err><![CDATA[Nov 18, 2025 5:32:16 PM org.openqa.selenium.devtools.CdpVersionFinder findNearestMatch
WARNING: Unable to find CDP implementation matching 142
Nov 18, 2025 5:32:16 PM org.openqa.selenium.chromium.ChromiumDriver lambda$new$4
WARNING: Unable to find version of CDP to use for 142.0.3595.80. You may need to include a dependency on a specific version of the CDP using something similar to `org.seleniumhq.selenium:selenium-devtools-v86:4.35.0` where the version ("v86") matches the version of the chromium-based browser you're using and the version number of the artifact is the same as Selenium's.
]]></system-err>
  </testcase>
</testsuite>