<?xml version="1.0" encoding="UTF-8"?>
<!-- Generated by org.testng.reporters.JUnitReportReporter -->
<testsuite hostname="CHAOS-DEVICE" failures="0" tests="18" name="ui.HomePagePositiveTests" time="57.691" errors="0" timestamp="2025-11-18T17:32:19 GST" skipped="0">
  <testcase classname="ui.HomePagePositiveTests" name="shouldBeDisplayedArticlePageAfterClickOnArticleTitle" time="3.452"/>
  <testcase classname="ui.HomePagePositiveTests" name="shouldBeDisplayedAllCommonHomePageElementsWithAuthorization" time="3.975"/>
  <testcase classname="ui.HomePagePositiveTests" name="shouldBeDisplayedSignUpPageAfterClickOnSignUpLink" time="2.584"/>
  <testcase classname="ui.HomePagePositiveTests" name="shouldBeDisplayedArticlePageAfterClickOnArticleTitle" time="4.195"/>
  <testcase classname="ui.HomePagePositiveTests" name="shouldBeDisplayedArticlePageAfterClickOnArticleTitle" time="3.589"/>
  <testcase classname="ui.HomePagePositiveTests" name="shouldBeDisplayedSignUpPageAfterClickOnSignUpLink" time="2.467"/>
  <testcase classname="ui.HomePagePositiveTests" name="shouldBeDisplayedAllCommonHomePageElementsWithoutAuthorization" time="2.954"/>
  <testcase classname="ui.HomePagePositiveTests" name="shouldBeDisplayedSignInPageAfterClickOnSignInLink" time="3.182"/>
  <testcase classname="ui.HomePagePositiveTests" name="shouldBeDisplayedAllCommonHomePageElementsWithAuthorization" time="3.912"/>
  <testcase classname="ui.HomePagePositiveTests" name="shouldBeDisplayedAllCommonHomePageElementsWithAuthorization" time="3.975"/>
  <testcase classname="ui.HomePagePositiveTests" name="shouldBeDisplayedSignInPageAfterClickOnSignInLink" time="2.462"/>
  <testcase classname="ui.HomePagePositiveTests" name="shouldBeDisplayedAllCommonHomePageElementsWithoutAuthorization" time="2.983"/>
  <testcase classname="ui.HomePagePositiveTests" name="shouldBeDisplayedJsTabAfterClickOnJsTag" time="3.116"/>
  <testcase classname="ui.HomePagePositiveTests" name="shouldBeDisplayedJsTabAfterClickOnJsTag" time="3.130"/>
  <testcase classname="ui.HomePagePositiveTests" name="shouldBeDisplayedAllCommonHomePageElementsWithoutAuthorization" time="3.039"/>
  <testcase classname="ui.HomePagePositiveTests" name="shouldBeDisplayedSignInPageAfterClickOnSignInLink" time="3.010"/>
  <testcase classname="ui.HomePagePositiveTests" name="shouldBeDisplayedSignUpPageAfterClickOnSignUpLink" time="2.599"/>
  <testcase classname="ui.HomePagePositiveTests" name="shouldBeDisplayedJsTabAfterClickOnJsTag" time="3.067"/>
</testsuite> <!-- ui.HomePagePositiveTests -->
