<?xml version="1.0" encoding="UTF-8"?>
<!-- Generated by org.testng.reporters.JUnitReportReporter -->
<testsuite hostname="CHAOS-DEVICE" failures="0" tests="2" name="api.GetArticleBySlugTests" time="4.334" errors="0" timestamp="2025-11-18T17:32:19 GST" skipped="0">
  <testcase classname="api.GetArticleBySlugTests" name="requestWithValidSlugReturnArticleBySlug" time="3.984"/>
  <testcase classname="api.GetArticleBySlugTests" name="requestWithWrongSlugReturnError" time="0.350"/>
</testsuite> <!-- api.GetArticleBySlugTests -->
