<?xml version="1.0" encoding="UTF-8"?>
<!-- Generated by org.testng.reporters.JUnitReportReporter -->
<testsuite hostname="CHAOS-DEVICE" failures="0" tests="4" name="api.PostUsersTests" time="0.945" errors="0" timestamp="2025-11-18T17:32:19 GST" skipped="0">
  <testcase classname="api.PostUsersTests" name="registerWithValidDataReturnsCreated" time="0.257"/>
  <testcase classname="api.PostUsersTests" name="registerWithInvalidDataReturnsError" time="0.229"/>
  <testcase classname="api.PostUsersTests" name="registerWithInvalidDataReturnsError" time="0.237"/>
  <testcase classname="api.PostUsersTests" name="registerWithInvalidDataReturnsError" time="0.222"/>
</testsuite> <!-- api.PostUsersTests -->
