<?xml version="1.0" encoding="UTF-8"?>
<!-- Generated by org.testng.reporters.JUnitReportReporter -->
<testsuite hostname="CHAOS-DEVICE" failures="0" tests="4" name="api.PostLoginTests" time="1.315" errors="0" timestamp="2025-11-18T17:32:19 GST" skipped="0">
  <testcase classname="api.PostLoginTests" name="loginWithInvalidDataReturnsError" time="0.355"/>
  <testcase classname="api.PostLoginTests" name="loginWithValidDataReturnsOk" time="0.497"/>
  <testcase classname="api.PostLoginTests" name="loginWithInvalidDataReturnsError" time="0.221"/>
  <testcase classname="api.PostLoginTests" name="loginWithWrongDataReturnsError" time="0.242"/>
</testsuite> <!-- api.PostLoginTests -->
