<?xml version="1.0" encoding="UTF-8"?>
<!-- Generated by org.testng.reporters.JUnitReportReporter -->
<testsuite hostname="CHAOS-DEVICE" failures="0" tests="6" name="ui.EditorPagePositiveTests" time="28.515" errors="0" timestamp="2025-11-18T17:32:19 GST" skipped="0">
  <testcase classname="ui.EditorPagePositiveTests" name="shouldBeSuccessPublicationWithValidData" time="5.464"/>
  <testcase classname="ui.EditorPagePositiveTests" name="shouldBeSuccessPublicationWithValidData" time="4.783"/>
  <testcase classname="ui.EditorPagePositiveTests" name="shouldBeSuccessPublicationWithValidData" time="5.710"/>
  <testcase classname="ui.EditorPagePositiveTests" name="shouldBeDisplayedAllCommonEditorPageElements" time="4.432"/>
  <testcase classname="ui.EditorPagePositiveTests" name="shouldBeDisplayedAllCommonEditorPageElements" time="4.531"/>
  <testcase classname="ui.EditorPagePositiveTests" name="shouldBeDisplayedAllCommonEditorPageElements" time="3.595"/>
</testsuite> <!-- ui.EditorPagePositiveTests -->
