<?xml version="1.0" encoding="UTF-8"?>
<!-- Generated by org.testng.reporters.JUnitReportReporter -->
<testsuite hostname="CHAOS-DEVICE" failures="0" tests="9" name="ui.SignUpPagePositiveTests" time="26.120" errors="0" timestamp="2025-11-18T17:32:19 GST" skipped="0">
  <testcase classname="ui.SignUpPagePositiveTests" name="shouldBeDisplayedAllCommonSignUpPageElements" time="3.144"/>
  <testcase classname="ui.SignUpPagePositiveTests" name="shouldBeDisplayedSignInPageAfterClickOnLoginLink" time="2.565"/>
  <testcase classname="ui.SignUpPagePositiveTests" name="shouldBeSuccessRegistrationWithValidData" time="3.229"/>
  <testcase classname="ui.SignUpPagePositiveTests" name="shouldBeDisplayedAllCommonSignUpPageElements" time="2.462"/>
  <testcase classname="ui.SignUpPagePositiveTests" name="shouldBeSuccessRegistrationWithValidData" time="3.729"/>
  <testcase classname="ui.SignUpPagePositiveTests" name="shouldBeSuccessRegistrationWithValidData" time="4.311"/>
  <testcase classname="ui.SignUpPagePositiveTests" name="shouldBeDisplayedSignInPageAfterClickOnLoginLink" time="2.180"/>
  <testcase classname="ui.SignUpPagePositiveTests" name="shouldBeDisplayedSignInPageAfterClickOnLoginLink" time="2.509"/>
  <testcase classname="ui.SignUpPagePositiveTests" name="shouldBeDisplayedAllCommonSignUpPageElements" time="1.991"/>
</testsuite> <!-- ui.SignUpPagePositiveTests -->
