<?xml version="1.0" encoding="UTF-8"?>
<!-- Generated by org.testng.reporters.JUnitReportReporter -->
<testsuite hostname="CHAOS-DEVICE" failures="0" tests="9" name="ui.SignInPageNegativeTests" time="25.692" errors="0" timestamp="2025-11-18T17:32:19 GST" skipped="0">
  <testcase classname="ui.SignInPageNegativeTests" name="shouldNotBeEnabledSignInButtonWithoutEmail" time="2.756"/>
  <testcase classname="ui.SignInPageNegativeTests" name="shouldBeDisplayedErrorWithInvalidData" time="3.589"/>
  <testcase classname="ui.SignInPageNegativeTests" name="shouldNotBeEnabledSignInButtonWithoutEmail" time="2.551"/>
  <testcase classname="ui.SignInPageNegativeTests" name="shouldBeDisplayedErrorWithInvalidData" time="2.677"/>
  <testcase classname="ui.SignInPageNegativeTests" name="shouldNotBeEnabledSignInButtonWithoutPassword" time="2.484"/>
  <testcase classname="ui.SignInPageNegativeTests" name="shouldNotBeEnabledSignInButtonWithoutPassword" time="3.016"/>
  <testcase classname="ui.SignInPageNegativeTests" name="shouldBeDisplayedErrorWithInvalidData" time="4.165"/>
  <testcase classname="ui.SignInPageNegativeTests" name="shouldNotBeEnabledSignInButtonWithoutPassword" time="1.973"/>
  <testcase classname="ui.SignInPageNegativeTests" name="shouldNotBeEnabledSignInButtonWithoutEmail" time="2.481"/>
</testsuite> <!-- ui.SignInPageNegativeTests -->
