<?xml version="1.0" encoding="UTF-8"?>
<!-- Generated by org.testng.reporters.JUnitReportReporter -->
<testsuite hostname="CHAOS-DEVICE" failures="0" tests="9" name="ui.EditorPageNegativeTests" time="45.712" errors="0" timestamp="2025-11-18T17:32:19 GST" skipped="0">
  <testcase classname="ui.EditorPageNegativeTests" name="shouldBeDisplayedErrorWithoutBody" time="5.715"/>
  <testcase classname="ui.EditorPageNegativeTests" name="shouldBeDisplayedErrorWithoutTitle" time="5.078"/>
  <testcase classname="ui.EditorPageNegativeTests" name="shouldBeDisplayedErrorWithoutBody" time="4.211"/>
  <testcase classname="ui.EditorPageNegativeTests" name="shouldBeDisplayedErrorWithoutTitle" time="4.317"/>
  <testcase classname="ui.EditorPageNegativeTests" name="shouldBeDisplayedErrorWithoutDescription" time="5.226"/>
  <testcase classname="ui.EditorPageNegativeTests" name="shouldBeDisplayedErrorWithoutDescription" time="4.219"/>
  <testcase classname="ui.EditorPageNegativeTests" name="shouldBeDisplayedErrorWithoutTitle" time="6.011"/>
  <testcase classname="ui.EditorPageNegativeTests" name="shouldBeDisplayedErrorWithoutDescription" time="5.110"/>
  <testcase classname="ui.EditorPageNegativeTests" name="shouldBeDisplayedErrorWithoutBody" time="5.825"/>
</testsuite> <!-- ui.EditorPageNegativeTests -->
