<?xml version="1.0" encoding="UTF-8"?>
<!-- Generated by org.testng.reporters.JUnitReportReporter -->
<testsuite hostname="CHAOS-DEVICE" failures="0" tests="9" name="ui.SignUpPageNegativeTests" time="23.539" errors="0" timestamp="2025-11-18T17:32:19 GST" skipped="0">
  <testcase classname="ui.SignUpPageNegativeTests" name="shouldNotBeEnabledSignUpButtonWithoutUsername" time="3.220"/>
  <testcase classname="ui.SignUpPageNegativeTests" name="shouldNotBeEnabledSignUpButtonWithoutPassword" time="2.533"/>
  <testcase classname="ui.SignUpPageNegativeTests" name="shouldNotBeEnabledSignUpButtonWithoutEmail" time="2.708"/>
  <testcase classname="ui.SignUpPageNegativeTests" name="shouldNotBeEnabledSignUpButtonWithoutPassword" time="2.547"/>
  <testcase classname="ui.SignUpPageNegativeTests" name="shouldNotBeEnabledSignUpButtonWithoutUsername" time="2.564"/>
  <testcase classname="ui.SignUpPageNegativeTests" name="shouldNotBeEnabledSignUpButtonWithoutEmail" time="2.485"/>
  <testcase classname="ui.SignUpPageNegativeTests" name="shouldNotBeEnabledSignUpButtonWithoutUsername" time="2.734"/>
  <testcase classname="ui.SignUpPageNegativeTests" name="shouldNotBeEnabledSignUpButtonWithoutEmail" time="2.078"/>
  <testcase classname="ui.SignUpPageNegativeTests" name="shouldNotBeEnabledSignUpButtonWithoutPassword" time="2.670"/>
</testsuite> <!-- ui.SignUpPageNegativeTests -->
