<?xml version="1.0" encoding="UTF-8"?>
<!-- Generated by org.testng.reporters.JUnitReportReporter -->
<testsuite hostname="CHAOS-DEVICE" failures="0" tests="9" name="ui.SignInPagePositiveTests" time="26.769" errors="0" timestamp="2025-11-18T17:32:19 GST" skipped="0">
  <testcase classname="ui.SignInPagePositiveTests" name="shouldBeDisplayedSignUpPageAfterClickOnRegisterLink" time="2.566"/>
  <testcase classname="ui.SignInPagePositiveTests" name="shouldBeSuccessAuthorizationWithValidData" time="3.448"/>
  <testcase classname="ui.SignInPagePositiveTests" name="shouldBeDisplayedSignUpPageAfterClickOnRegisterLink" time="2.081"/>
  <testcase classname="ui.SignInPagePositiveTests" name="shouldBeDisplayedSignUpPageAfterClickOnRegisterLink" time="2.510"/>
  <testcase classname="ui.SignInPagePositiveTests" name="shouldBeDisplayedAllCommonSignInPageElements" time="2.523"/>
  <testcase classname="ui.SignInPagePositiveTests" name="shouldBeSuccessAuthorizationWithValidData" time="3.816"/>
  <testcase classname="ui.SignInPagePositiveTests" name="shouldBeDisplayedAllCommonSignInPageElements" time="3.005"/>
  <testcase classname="ui.SignInPagePositiveTests" name="shouldBeSuccessAuthorizationWithValidData" time="4.478"/>
  <testcase classname="ui.SignInPagePositiveTests" name="shouldBeDisplayedAllCommonSignInPageElements" time="2.342"/>
</testsuite> <!-- ui.SignInPagePositiveTests -->
