<?xml version="1.0" encoding="UTF-8"?>
<!-- Generated by org.testng.reporters.JUnitReportReporter -->
<testsuite hostname="CHAOS-DEVICE" failures="0" tests="3" name="ui.ArticlePagePositiveTests" time="11.383" errors="0" timestamp="2025-11-18T17:32:19 GST" skipped="0">
  <testcase classname="ui.ArticlePagePositiveTests" name="shouldBeDisplayedAllCommonArticlePageElements" time="3.213"/>
  <testcase classname="ui.ArticlePagePositiveTests" name="shouldBeDisplayedAllCommonArticlePageElements" time="4.303"/>
  <testcase classname="ui.ArticlePagePositiveTests" name="shouldBeDisplayedAllCommonArticlePageElements" time="3.867"/>
</testsuite> <!-- ui.ArticlePagePositiveTests -->
